<?xml version="1.0" encoding="UTF-8"?>
<testsuite xmlns:xsi="http://www.w3.org/2001/XMLSchema-instance" xsi:noNamespaceSchemaLocation="https://maven.apache.org/surefire/maven-surefire-plugin/xsd/surefire-test-report.xsd" name="dyno.scheduler.main.AppTest" time="0.025" tests="1" errors="0" skipped="0" failures="0">
  <properties>
    <property name="sun.desktop" value="windows"/>
    <property name="awt.toolkit" value="sun.awt.windows.WToolkit"/>
    <property name="file.encoding.pkg" value="sun.io"/>
    <property name="java.specification.version" value="1.8"/>
    <property name="sun.cpu.isalist" value="amd64"/>
    <property name="sun.jnu.encoding" value="Cp1252"/>
    <property name="java.class.path" value="C:\Users\prabash.dharshanapri\Documents\My Documents\Research\DynoScheduler\target\test-classes;C:\Users\prabash.dharshanapri\Documents\My Documents\Research\DynoScheduler\target\classes;C:\Users\prabash.dharshanapri\.m2\repository\junit\junit\4.11\junit-4.11.jar;C:\Users\prabash.dharshanapri\.m2\repository\org\hamcrest\hamcrest-core\1.3\hamcrest-core-1.3.jar;C:\Users\prabash.dharshanapri\.m2\repository\org\eclipse\jetty\jetty-server\9.4.11.v20180605\jetty-server-9.4.11.v20180605.jar;C:\Users\prabash.dharshanapri\.m2\repository\javax\servlet\javax.servlet-api\3.1.0\javax.servlet-api-3.1.0.jar;C:\Users\prabash.dharshanapri\.m2\repository\org\eclipse\jetty\jetty-http\9.4.11.v20180605\jetty-http-9.4.11.v20180605.jar;C:\Users\prabash.dharshanapri\.m2\repository\org\eclipse\jetty\jetty-util\9.4.11.v20180605\jetty-util-9.4.11.v20180605.jar;C:\Users\prabash.dharshanapri\.m2\repository\org\eclipse\jetty\jetty-io\9.4.11.v20180605\jetty-io-9.4.11.v20180605.jar;C:\Users\prabash.dharshanapri\.m2\repository\org\eclipse\jetty\jetty-servlet\9.4.11.v20180605\jetty-servlet-9.4.11.v20180605.jar;C:\Users\prabash.dharshanapri\.m2\repository\org\eclipse\jetty\jetty-security\9.4.11.v20180605\jetty-security-9.4.11.v20180605.jar;C:\Users\prabash.dharshanapri\.m2\repository\org\glassfish\jersey\core\jersey-server\2.26\jersey-server-2.26.jar;C:\Users\prabash.dharshanapri\.m2\repository\org\glassfish\jersey\core\jersey-common\2.26\jersey-common-2.26.jar;C:\Users\prabash.dharshanapri\.m2\repository\org\glassfish\hk2\osgi-resource-locator\1.0.1\osgi-resource-locator-1.0.1.jar;C:\Users\prabash.dharshanapri\.m2\repository\org\glassfish\jersey\core\jersey-client\2.26\jersey-client-2.26.jar;C:\Users\prabash.dharshanapri\.m2\repository\javax\ws\rs\javax.ws.rs-api\2.1\javax.ws.rs-api-2.1.jar;C:\Users\prabash.dharshanapri\.m2\repository\org\glassfish\jersey\media\jersey-media-jaxb\2.26\jersey-media-jaxb-2.26.jar;C:\Users\prabash.dharshanapri\.m2\repository\javax\annotation\javax.annotation-api\1.2\javax.annotation-api-1.2.jar;C:\Users\prabash.dharshanapri\.m2\repository\org\glassfish\hk2\external\javax.inject\2.5.0-b42\javax.inject-2.5.0-b42.jar;C:\Users\prabash.dharshanapri\.m2\repository\javax\validation\validation-api\1.1.0.Final\validation-api-1.1.0.Final.jar;C:\Users\prabash.dharshanapri\.m2\repository\org\glassfish\jersey\containers\jersey-container-servlet-core\2.26\jersey-container-servlet-core-2.26.jar;C:\Users\prabash.dharshanapri\.m2\repository\org\glassfish\jersey\media\jersey-media-moxy\2.26\jersey-media-moxy-2.26.jar;C:\Users\prabash.dharshanapri\.m2\repository\org\glassfish\jersey\ext\jersey-entity-filtering\2.26\jersey-entity-filtering-2.26.jar;C:\Users\prabash.dharshanapri\.m2\repository\org\eclipse\persistence\org.eclipse.persistence.moxy\2.6.4\org.eclipse.persistence.moxy-2.6.4.jar;C:\Users\prabash.dharshanapri\.m2\repository\org\eclipse\persistence\org.eclipse.persistence.core\2.6.4\org.eclipse.persistence.core-2.6.4.jar;C:\Users\prabash.dharshanapri\.m2\repository\org\eclipse\persistence\org.eclipse.persistence.asm\2.6.4\org.eclipse.persistence.asm-2.6.4.jar;C:\Users\prabash.dharshanapri\.m2\repository\org\glassfish\javax.json\1.0.4\javax.json-1.0.4.jar;C:\Users\prabash.dharshanapri\.m2\repository\org\glassfish\jersey\inject\jersey-hk2\2.26\jersey-hk2-2.26.jar;C:\Users\prabash.dharshanapri\.m2\repository\org\glassfish\hk2\hk2-locator\2.5.0-b42\hk2-locator-2.5.0-b42.jar;C:\Users\prabash.dharshanapri\.m2\repository\org\glassfish\hk2\external\aopalliance-repackaged\2.5.0-b42\aopalliance-repackaged-2.5.0-b42.jar;C:\Users\prabash.dharshanapri\.m2\repository\org\glassfish\hk2\hk2-api\2.5.0-b42\hk2-api-2.5.0-b42.jar;C:\Users\prabash.dharshanapri\.m2\repository\javax\inject\javax.inject\1\javax.inject-1.jar;C:\Users\prabash.dharshanapri\.m2\repository\org\glassfish\hk2\hk2-utils\2.5.0-b42\hk2-utils-2.5.0-b42.jar;C:\Users\prabash.dharshanapri\.m2\repository\org\javassist\javassist\3.22.0-CR2\javassist-3.22.0-CR2.jar;C:\Users\prabash.dharshanapri\.m2\repository\com\tilab\jade\jade\4.5.0\jade-4.5.0.jar;C:\Users\prabash.dharshanapri\.m2\repository\org\apache\poi\poi\3.17\poi-3.17.jar;C:\Users\prabash.dharshanapri\.m2\repository\org\apache\poi\poi-ooxml\3.17\poi-ooxml-3.17.jar;C:\Users\prabash.dharshanapri\.m2\repository\com\github\virtuald\curvesapi\1.04\curvesapi-1.04.jar;C:\Users\prabash.dharshanapri\.m2\repository\org\apache\poi\poi-ooxml-schemas\3.17\poi-ooxml-schemas-3.17.jar;C:\Users\prabash.dharshanapri\.m2\repository\commons-codec\commons-codec\1.11\commons-codec-1.11.jar;C:\Users\prabash.dharshanapri\.m2\repository\org\apache\commons\commons-collections4\4.2\commons-collections4-4.2.jar;C:\Users\prabash.dharshanapri\.m2\repository\org\apache\xmlbeans\xmlbeans\3.0.0\xmlbeans-3.0.0.jar;C:\Users\prabash.dharshanapri\.m2\repository\joda-time\joda-time\2.10\joda-time-2.10.jar;"/>
    <property name="java.vm.vendor" value="Oracle Corporation"/>
    <property name="sun.arch.data.model" value="64"/>
    <property name="user.variant" value=""/>
    <property name="java.vendor.url" value="http://java.oracle.com/"/>
    <property name="user.timezone" value="Asia/Colombo"/>
    <property name="java.vm.specification.version" value="1.8"/>
    <property name="os.name" value="Windows 8.1"/>
    <property name="sun.java.launcher" value="SUN_STANDARD"/>
    <property name="user.country" value="US"/>
    <property name="sun.boot.library.path" value="C:\Program Files\Java\jdk1.8.0_05\jre\bin"/>
    <property name="sun.java.command" value="C:\Users\PRABAS~1.DHA\AppData\Local\Temp\surefire6487202109888530233\surefirebooter6664947578543845066.jar C:\Users\prabash.dharshanapri\AppData\Local\Temp\surefire6487202109888530233 2018-08-24T16-33-30_761-jvmRun1 surefire6879369373024333476tmp surefire_04886641102678649153tmp"/>
    <property name="surefire.test.class.path" value="C:\Users\prabash.dharshanapri\Documents\My Documents\Research\DynoScheduler\target\test-classes;C:\Users\prabash.dharshanapri\Documents\My Documents\Research\DynoScheduler\target\classes;C:\Users\prabash.dharshanapri\.m2\repository\junit\junit\4.11\junit-4.11.jar;C:\Users\prabash.dharshanapri\.m2\repository\org\hamcrest\hamcrest-core\1.3\hamcrest-core-1.3.jar;C:\Users\prabash.dharshanapri\.m2\repository\org\eclipse\jetty\jetty-server\9.4.11.v20180605\jetty-server-9.4.11.v20180605.jar;C:\Users\prabash.dharshanapri\.m2\repository\javax\servlet\javax.servlet-api\3.1.0\javax.servlet-api-3.1.0.jar;C:\Users\prabash.dharshanapri\.m2\repository\org\eclipse\jetty\jetty-http\9.4.11.v20180605\jetty-http-9.4.11.v20180605.jar;C:\Users\prabash.dharshanapri\.m2\repository\org\eclipse\jetty\jetty-util\9.4.11.v20180605\jetty-util-9.4.11.v20180605.jar;C:\Users\prabash.dharshanapri\.m2\repository\org\eclipse\jetty\jetty-io\9.4.11.v20180605\jetty-io-9.4.11.v20180605.jar;C:\Users\prabash.dharshanapri\.m2\repository\org\eclipse\jetty\jetty-servlet\9.4.11.v20180605\jetty-servlet-9.4.11.v20180605.jar;C:\Users\prabash.dharshanapri\.m2\repository\org\eclipse\jetty\jetty-security\9.4.11.v20180605\jetty-security-9.4.11.v20180605.jar;C:\Users\prabash.dharshanapri\.m2\repository\org\glassfish\jersey\core\jersey-server\2.26\jersey-server-2.26.jar;C:\Users\prabash.dharshanapri\.m2\repository\org\glassfish\jersey\core\jersey-common\2.26\jersey-common-2.26.jar;C:\Users\prabash.dharshanapri\.m2\repository\org\glassfish\hk2\osgi-resource-locator\1.0.1\osgi-resource-locator-1.0.1.jar;C:\Users\prabash.dharshanapri\.m2\repository\org\glassfish\jersey\core\jersey-client\2.26\jersey-client-2.26.jar;C:\Users\prabash.dharshanapri\.m2\repository\javax\ws\rs\javax.ws.rs-api\2.1\javax.ws.rs-api-2.1.jar;C:\Users\prabash.dharshanapri\.m2\repository\org\glassfish\jersey\media\jersey-media-jaxb\2.26\jersey-media-jaxb-2.26.jar;C:\Users\prabash.dharshanapri\.m2\repository\javax\annotation\javax.annotation-api\1.2\javax.annotation-api-1.2.jar;C:\Users\prabash.dharshanapri\.m2\repository\org\glassfish\hk2\external\javax.inject\2.5.0-b42\javax.inject-2.5.0-b42.jar;C:\Users\prabash.dharshanapri\.m2\repository\javax\validation\validation-api\1.1.0.Final\validation-api-1.1.0.Final.jar;C:\Users\prabash.dharshanapri\.m2\repository\org\glassfish\jersey\containers\jersey-container-servlet-core\2.26\jersey-container-servlet-core-2.26.jar;C:\Users\prabash.dharshanapri\.m2\repository\org\glassfish\jersey\media\jersey-media-moxy\2.26\jersey-media-moxy-2.26.jar;C:\Users\prabash.dharshanapri\.m2\repository\org\glassfish\jersey\ext\jersey-entity-filtering\2.26\jersey-entity-filtering-2.26.jar;C:\Users\prabash.dharshanapri\.m2\repository\org\eclipse\persistence\org.eclipse.persistence.moxy\2.6.4\org.eclipse.persistence.moxy-2.6.4.jar;C:\Users\prabash.dharshanapri\.m2\repository\org\eclipse\persistence\org.eclipse.persistence.core\2.6.4\org.eclipse.persistence.core-2.6.4.jar;C:\Users\prabash.dharshanapri\.m2\repository\org\eclipse\persistence\org.eclipse.persistence.asm\2.6.4\org.eclipse.persistence.asm-2.6.4.jar;C:\Users\prabash.dharshanapri\.m2\repository\org\glassfish\javax.json\1.0.4\javax.json-1.0.4.jar;C:\Users\prabash.dharshanapri\.m2\repository\org\glassfish\jersey\inject\jersey-hk2\2.26\jersey-hk2-2.26.jar;C:\Users\prabash.dharshanapri\.m2\repository\org\glassfish\hk2\hk2-locator\2.5.0-b42\hk2-locator-2.5.0-b42.jar;C:\Users\prabash.dharshanapri\.m2\repository\org\glassfish\hk2\external\aopalliance-repackaged\2.5.0-b42\aopalliance-repackaged-2.5.0-b42.jar;C:\Users\prabash.dharshanapri\.m2\repository\org\glassfish\hk2\hk2-api\2.5.0-b42\hk2-api-2.5.0-b42.jar;C:\Users\prabash.dharshanapri\.m2\repository\javax\inject\javax.inject\1\javax.inject-1.jar;C:\Users\prabash.dharshanapri\.m2\repository\org\glassfish\hk2\hk2-utils\2.5.0-b42\hk2-utils-2.5.0-b42.jar;C:\Users\prabash.dharshanapri\.m2\repository\org\javassist\javassist\3.22.0-CR2\javassist-3.22.0-CR2.jar;C:\Users\prabash.dharshanapri\.m2\repository\com\tilab\jade\jade\4.5.0\jade-4.5.0.jar;C:\Users\prabash.dharshanapri\.m2\repository\org\apache\poi\poi\3.17\poi-3.17.jar;C:\Users\prabash.dharshanapri\.m2\repository\org\apache\poi\poi-ooxml\3.17\poi-ooxml-3.17.jar;C:\Users\prabash.dharshanapri\.m2\repository\com\github\virtuald\curvesapi\1.04\curvesapi-1.04.jar;C:\Users\prabash.dharshanapri\.m2\repository\org\apache\poi\poi-ooxml-schemas\3.17\poi-ooxml-schemas-3.17.jar;C:\Users\prabash.dharshanapri\.m2\repository\commons-codec\commons-codec\1.11\commons-codec-1.11.jar;C:\Users\prabash.dharshanapri\.m2\repository\org\apache\commons\commons-collections4\4.2\commons-collections4-4.2.jar;C:\Users\prabash.dharshanapri\.m2\repository\org\apache\xmlbeans\xmlbeans\3.0.0\xmlbeans-3.0.0.jar;C:\Users\prabash.dharshanapri\.m2\repository\joda-time\joda-time\2.10\joda-time-2.10.jar;"/>
    <property name="sun.cpu.endian" value="little"/>
    <property name="user.home" value="C:\Users\prabash.dharshanapri"/>
    <property name="user.language" value="en"/>
    <property name="java.specification.vendor" value="Oracle Corporation"/>
    <property name="java.home" value="C:\Program Files\Java\jdk1.8.0_05\jre"/>
    <property name="basedir" value="C:\Users\prabash.dharshanapri\Documents\My Documents\Research\DynoScheduler"/>
    <property name="file.separator" value="\"/>
    <property name="line.separator" value="&#10;"/>
    <property name="java.vm.specification.vendor" value="Oracle Corporation"/>
    <property name="java.specification.name" value="Java Platform API Specification"/>
    <property name="java.awt.graphicsenv" value="sun.awt.Win32GraphicsEnvironment"/>
    <property name="surefire.real.class.path" value="C:\Users\PRABAS~1.DHA\AppData\Local\Temp\surefire6487202109888530233\surefirebooter6664947578543845066.jar"/>
    <property name="sun.boot.class.path" value="C:\Program Files\Java\jdk1.8.0_05\jre\lib\resources.jar;C:\Program Files\Java\jdk1.8.0_05\jre\lib\rt.jar;C:\Program Files\Java\jdk1.8.0_05\jre\lib\sunrsasign.jar;C:\Program Files\Java\jdk1.8.0_05\jre\lib\jsse.jar;C:\Program Files\Java\jdk1.8.0_05\jre\lib\jce.jar;C:\Program Files\Java\jdk1.8.0_05\jre\lib\charsets.jar;C:\Program Files\Java\jdk1.8.0_05\jre\lib\jfr.jar;C:\Program Files\Java\jdk1.8.0_05\jre\classes"/>
    <property name="user.script" value=""/>
    <property name="sun.management.compiler" value="HotSpot 64-Bit Tiered Compilers"/>
    <property name="java.runtime.version" value="1.8.0_05-b13"/>
    <property name="user.name" value="prabash.dharshanapri"/>
    <property name="path.separator" value=";"/>
    <property name="os.version" value="6.3"/>
    <property name="java.endorsed.dirs" value="C:\Program Files\Java\jdk1.8.0_05\jre\lib\endorsed"/>
    <property name="java.runtime.name" value="Java(TM) SE Runtime Environment"/>
    <property name="file.encoding" value="UTF-8"/>
    <property name="java.vm.name" value="Java HotSpot(TM) 64-Bit Server VM"/>
    <property name="maven.ext.class.path" value="C:\Program Files\NetBeans 8.0\java\maven-nblib\netbeans-eventspy.jar"/>
    <property name="localRepository" value="C:\Users\prabash.dharshanapri\.m2\repository"/>
    <property name="java.vendor.url.bug" value="http://bugreport.sun.com/bugreport/"/>
    <property name="java.io.tmpdir" value="C:\Users\PRABAS~1.DHA\AppData\Local\Temp\"/>
    <property name="java.version" value="1.8.0_05"/>
    <property name="user.dir" value="C:\Users\prabash.dharshanapri\Documents\My Documents\Research\DynoScheduler"/>
    <property name="os.arch" value="amd64"/>
    <property name="java.vm.specification.name" value="Java Virtual Machine Specification"/>
    <property name="java.awt.printerjob" value="sun.awt.windows.WPrinterJob"/>
    <property name="sun.os.patch.level" value=""/>
    <property name="java.library.path" value="C:\Program Files\Java\jdk1.8.0_05\jre\bin;C:\Windows\Sun\Java\bin;C:\Windows\system32;C:\Windows;C:\Windows\system32;C:\Windows;C:\Windows\System32\Wbem;C:\Windows\System32\WindowsPowerShell\v1.0\;C:\Windows\System32\OpenSSH\;C:\Program Files (x86)\NVIDIA Corporation\PhysX\Common;C:\Program Files (x86)\Windows Kits\8.1\Windows Performance Toolkit\;C:\Program Files\Microsoft SQL Server\110\Tools\Binn\;C:\Program Files (x86)\Microsoft SDKs\TypeScript\1.0\;C:\Program Files\Microsoft SQL Server\120\Tools\Binn\;C:\Program Files\TortoiseSVN\bin;C:\Program Files\nodejs\;C:\Users\prabash.dharshanapri\AppData\Local\Microsoft\WindowsApps;C:\Users\prabash.dharshanapri\AppData\Local\Programs\Microsoft VS Code\bin;C:\Users\prabash.dharshanapri\AppData\Roaming\npm;C:\Users\prabash.dharshanapri\AppData\Local\GitHubDesktop\bin;."/>
    <property name="java.vm.info" value="mixed mode"/>
    <property name="java.vendor" value="Oracle Corporation"/>
    <property name="java.vm.version" value="25.5-b02"/>
    <property name="java.ext.dirs" value="C:\Program Files\Java\jdk1.8.0_05\jre\lib\ext;C:\Windows\Sun\Java\lib\ext"/>
    <property name="sun.io.unicode.encoding" value="UnicodeLittle"/>
    <property name="java.class.version" value="52.0"/>
  </properties>
  <testcase name="shouldAnswerWithTrue" classname="dyno.scheduler.main.AppTest" time="0.003"/>
</testsuite>